Using device: cuda
total number of parameters of the network is: 228386
/home/siruixu2/STARS/deterministic/utils/h36motion3d.py:35: VisibleDeprecationWarning: Creating an ndarray from ragged nested sequences (which is a list-or-tuple of lists-or-tuples-or ndarrays with different lengths or shapes) is deprecated. If you meant to do this, you must specify 'dtype=object' when creating the ndarray.
  subs = np.array([[1, 6, 7, 8, 9], [11], [5]])
Reading subject 1, action walking, subaction 1
Reading subject 1, action walking, subaction 2
Reading subject 1, action eating, subaction 1
Reading subject 1, action eating, subaction 2
Reading subject 1, action smoking, subaction 1
Reading subject 1, action smoking, subaction 2
Reading subject 1, action discussion, subaction 1
Reading subject 1, action discussion, subaction 2
Reading subject 1, action directions, subaction 1
Reading subject 1, action directions, subaction 2
Reading subject 1, action greeting, subaction 1
Reading subject 1, action greeting, subaction 2
Reading subject 1, action phoning, subaction 1
Reading subject 1, action phoning, subaction 2
Reading subject 1, action posing, subaction 1
Reading subject 1, action posing, subaction 2
Reading subject 1, action purchases, subaction 1
Reading subject 1, action purchases, subaction 2
Reading subject 1, action sitting, subaction 1
Reading subject 1, action sitting, subaction 2
Reading subject 1, action sittingdown, subaction 1
Reading subject 1, action sittingdown, subaction 2
Reading subject 1, action takingphoto, subaction 1
Reading subject 1, action takingphoto, subaction 2
Reading subject 1, action waiting, subaction 1
Reading subject 1, action waiting, subaction 2
Reading subject 1, action walkingdog, subaction 1
Reading subject 1, action walkingdog, subaction 2
Reading subject 1, action walkingtogether, subaction 1
Reading subject 1, action walkingtogether, subaction 2
Reading subject 6, action walking, subaction 1
Reading subject 6, action walking, subaction 2
Reading subject 6, action eating, subaction 1
Reading subject 6, action eating, subaction 2
Reading subject 6, action smoking, subaction 1
Reading subject 6, action smoking, subaction 2
Reading subject 6, action discussion, subaction 1
Reading subject 6, action discussion, subaction 2
Reading subject 6, action directions, subaction 1
Reading subject 6, action directions, subaction 2
Reading subject 6, action greeting, subaction 1
Reading subject 6, action greeting, subaction 2
Reading subject 6, action phoning, subaction 1
Reading subject 6, action phoning, subaction 2
Reading subject 6, action posing, subaction 1
Reading subject 6, action posing, subaction 2
Reading subject 6, action purchases, subaction 1
Reading subject 6, action purchases, subaction 2
Reading subject 6, action sitting, subaction 1
Reading subject 6, action sitting, subaction 2
Reading subject 6, action sittingdown, subaction 1
Reading subject 6, action sittingdown, subaction 2
Reading subject 6, action takingphoto, subaction 1
Reading subject 6, action takingphoto, subaction 2
Reading subject 6, action waiting, subaction 1
Reading subject 6, action waiting, subaction 2
Reading subject 6, action walkingdog, subaction 1
Reading subject 6, action walkingdog, subaction 2
Reading subject 6, action walkingtogether, subaction 1
Reading subject 6, action walkingtogether, subaction 2
Reading subject 7, action walking, subaction 1
Reading subject 7, action walking, subaction 2
Reading subject 7, action eating, subaction 1
Reading subject 7, action eating, subaction 2
Reading subject 7, action smoking, subaction 1
Reading subject 7, action smoking, subaction 2
Reading subject 7, action discussion, subaction 1
Reading subject 7, action discussion, subaction 2
Reading subject 7, action directions, subaction 1
Reading subject 7, action directions, subaction 2
Reading subject 7, action greeting, subaction 1
Reading subject 7, action greeting, subaction 2
Reading subject 7, action phoning, subaction 1
Reading subject 7, action phoning, subaction 2
Reading subject 7, action posing, subaction 1
Reading subject 7, action posing, subaction 2
Reading subject 7, action purchases, subaction 1
Reading subject 7, action purchases, subaction 2
Reading subject 7, action sitting, subaction 1
Reading subject 7, action sitting, subaction 2
Reading subject 7, action sittingdown, subaction 1
Reading subject 7, action sittingdown, subaction 2
Reading subject 7, action takingphoto, subaction 1
Reading subject 7, action takingphoto, subaction 2
Reading subject 7, action waiting, subaction 1
Reading subject 7, action waiting, subaction 2
Reading subject 7, action walkingdog, subaction 1
Reading subject 7, action walkingdog, subaction 2
Reading subject 7, action walkingtogether, subaction 1
Reading subject 7, action walkingtogether, subaction 2
Reading subject 8, action walking, subaction 1
Reading subject 8, action walking, subaction 2
Reading subject 8, action eating, subaction 1
Reading subject 8, action eating, subaction 2
Reading subject 8, action smoking, subaction 1
Reading subject 8, action smoking, subaction 2
Reading subject 8, action discussion, subaction 1
Reading subject 8, action discussion, subaction 2
Reading subject 8, action directions, subaction 1
Reading subject 8, action directions, subaction 2
Reading subject 8, action greeting, subaction 1
Reading subject 8, action greeting, subaction 2
Reading subject 8, action phoning, subaction 1
Reading subject 8, action phoning, subaction 2
Reading subject 8, action posing, subaction 1
Reading subject 8, action posing, subaction 2
Reading subject 8, action purchases, subaction 1
Reading subject 8, action purchases, subaction 2
Reading subject 8, action sitting, subaction 1
Reading subject 8, action sitting, subaction 2
Reading subject 8, action sittingdown, subaction 1
Reading subject 8, action sittingdown, subaction 2
Reading subject 8, action takingphoto, subaction 1
Reading subject 8, action takingphoto, subaction 2
Reading subject 8, action waiting, subaction 1
Reading subject 8, action waiting, subaction 2
Reading subject 8, action walkingdog, subaction 1
Reading subject 8, action walkingdog, subaction 2
Reading subject 8, action walkingtogether, subaction 1
Reading subject 8, action walkingtogether, subaction 2
Reading subject 9, action walking, subaction 1
Reading subject 9, action walking, subaction 2
Reading subject 9, action eating, subaction 1
Reading subject 9, action eating, subaction 2
Reading subject 9, action smoking, subaction 1
Reading subject 9, action smoking, subaction 2
Reading subject 9, action discussion, subaction 1
Reading subject 9, action discussion, subaction 2
Reading subject 9, action directions, subaction 1
Reading subject 9, action directions, subaction 2
Reading subject 9, action greeting, subaction 1
Reading subject 9, action greeting, subaction 2
Reading subject 9, action phoning, subaction 1
Reading subject 9, action phoning, subaction 2
Reading subject 9, action posing, subaction 1
Reading subject 9, action posing, subaction 2
Reading subject 9, action purchases, subaction 1
Reading subject 9, action purchases, subaction 2
Reading subject 9, action sitting, subaction 1
Reading subject 9, action sitting, subaction 2
Reading subject 9, action sittingdown, subaction 1
Reading subject 9, action sittingdown, subaction 2
Reading subject 9, action takingphoto, subaction 1
Reading subject 9, action takingphoto, subaction 2
Reading subject 9, action waiting, subaction 1
Reading subject 9, action waiting, subaction 2
Reading subject 9, action walkingdog, subaction 1
Reading subject 9, action walkingdog, subaction 2
Reading subject 9, action walkingtogether, subaction 1
Reading subject 9, action walkingtogether, subaction 2
>>> Training dataset length: 180077
Reading subject 11, action walking, subaction 1
Reading subject 11, action walking, subaction 2
Reading subject 11, action eating, subaction 1
Reading subject 11, action eating, subaction 2
Reading subject 11, action smoking, subaction 1
Reading subject 11, action smoking, subaction 2
Reading subject 11, action discussion, subaction 1
Reading subject 11, action discussion, subaction 2
Reading subject 11, action directions, subaction 1
Reading subject 11, action directions, subaction 2
Reading subject 11, action greeting, subaction 1
Reading subject 11, action greeting, subaction 2
Reading subject 11, action phoning, subaction 1
Reading subject 11, action phoning, subaction 2
Reading subject 11, action posing, subaction 1
Reading subject 11, action posing, subaction 2
Reading subject 11, action purchases, subaction 1
Reading subject 11, action purchases, subaction 2
Reading subject 11, action sitting, subaction 1
Reading subject 11, action sitting, subaction 2
Reading subject 11, action sittingdown, subaction 1
Reading subject 11, action sittingdown, subaction 2
Reading subject 11, action takingphoto, subaction 1
Reading subject 11, action takingphoto, subaction 2
Reading subject 11, action waiting, subaction 1
Reading subject 11, action waiting, subaction 2
Reading subject 11, action walkingdog, subaction 1
Reading subject 11, action walkingdog, subaction 2
Reading subject 11, action walkingtogether, subaction 1
Reading subject 11, action walkingtogether, subaction 2
>>> Validation dataset length: 28110
0it [00:00, ?it/s][1,     1]  mpjpe loss: 132.900
200it [01:19,  2.55it/s][1,   201]  mpjpe loss: 122.527
400it [02:38,  2.52it/s][1,   401]  mpjpe loss: 117.862
600it [03:58,  2.52it/s][1,   601]  mpjpe loss: 114.553
704it [04:39,  2.52it/s]
[1]  mpjpe loss: 123.097
[1, all]  validation loss: 68.262
----saving model-----
0it [00:00, ?it/s][2,     1]  mpjpe loss: 111.127
200it [01:20,  2.48it/s][2,   201]  mpjpe loss: 102.711
400it [02:40,  2.47it/s][2,   401]  mpjpe loss: 103.700
600it [04:01,  2.50it/s][2,   601]  mpjpe loss: 106.050
704it [04:43,  2.48it/s]
[2]  mpjpe loss: 108.467
[2, all]  validation loss: 66.075
----saving model-----
0it [00:00, ?it/s][3,     1]  mpjpe loss: 109.156
200it [01:20,  2.52it/s][3,   201]  mpjpe loss: 105.061
400it [02:38,  2.51it/s][3,   401]  mpjpe loss: 109.908
600it [03:56,  2.57it/s][3,   601]  mpjpe loss: 102.459
704it [04:38,  2.53it/s]
[3]  mpjpe loss: 104.692
[3, all]  validation loss: 65.710
----saving model-----
0it [00:00, ?it/s][4,     1]  mpjpe loss: 95.918
200it [01:19,  2.51it/s][4,   201]  mpjpe loss: 102.508
400it [02:39,  2.51it/s][4,   401]  mpjpe loss: 106.031
600it [03:59,  2.51it/s][4,   601]  mpjpe loss: 101.396
704it [04:40,  2.51it/s]
[4]  mpjpe loss: 102.391
[4, all]  validation loss: 65.287
----saving model-----
0it [00:00, ?it/s][5,     1]  mpjpe loss: 104.043
200it [01:19,  2.51it/s][5,   201]  mpjpe loss: 94.782
400it [02:38,  2.63it/s][5,   401]  mpjpe loss: 98.743
600it [03:57,  2.58it/s][5,   601]  mpjpe loss: 100.859
704it [04:38,  2.53it/s]
[5]  mpjpe loss: 100.560
[5, all]  validation loss: 64.677
----saving model-----
0it [00:00, ?it/s][6,     1]  mpjpe loss: 102.790
200it [01:21,  2.51it/s][6,   201]  mpjpe loss: 96.738
400it [02:41,  2.52it/s][6,   401]  mpjpe loss: 92.903
600it [04:00,  2.53it/s][6,   601]  mpjpe loss: 98.257
704it [04:41,  2.50it/s]
[6]  mpjpe loss: 99.197
[6, all]  validation loss: 65.433
0it [00:00, ?it/s][7,     1]  mpjpe loss: 97.927
200it [01:19,  2.53it/s][7,   201]  mpjpe loss: 97.297
400it [02:39,  2.50it/s][7,   401]  mpjpe loss: 93.731
600it [03:59,  2.50it/s][7,   601]  mpjpe loss: 96.162
704it [04:40,  2.51it/s]
[7]  mpjpe loss: 98.201
[7, all]  validation loss: 64.365
----saving model-----
0it [00:00, ?it/s][8,     1]  mpjpe loss: 100.531
200it [01:19,  2.51it/s][8,   201]  mpjpe loss: 99.175
400it [02:39,  2.52it/s][8,   401]  mpjpe loss: 94.507
600it [03:59,  2.52it/s][8,   601]  mpjpe loss: 96.151
704it [04:40,  2.51it/s]
[8]  mpjpe loss: 97.372
[8, all]  validation loss: 64.116
----saving model-----
0it [00:00, ?it/s][9,     1]  mpjpe loss: 97.992
200it [01:19,  2.52it/s][9,   201]  mpjpe loss: 95.166
400it [02:39,  2.51it/s][9,   401]  mpjpe loss: 100.052
600it [03:58,  2.54it/s][9,   601]  mpjpe loss: 96.654
704it [04:39,  2.52it/s]
[9]  mpjpe loss: 96.764
[9, all]  validation loss: 63.802
----saving model-----
0it [00:00, ?it/s][10,     1]  mpjpe loss: 94.160
200it [01:19,  2.50it/s][10,   201]  mpjpe loss: 98.604
400it [02:39,  2.50it/s][10,   401]  mpjpe loss: 96.868
600it [03:59,  2.46it/s][10,   601]  mpjpe loss: 100.916
704it [04:40,  2.51it/s]
[10]  mpjpe loss: 96.235
[10, all]  validation loss: 63.775
----saving model-----
0it [00:00, ?it/s][11,     1]  mpjpe loss: 96.141
200it [01:20,  2.51it/s][11,   201]  mpjpe loss: 95.694
400it [02:39,  2.54it/s][11,   401]  mpjpe loss: 94.257
600it [03:59,  2.51it/s][11,   601]  mpjpe loss: 95.190
704it [04:40,  2.51it/s]
[11]  mpjpe loss: 95.836
[11, all]  validation loss: 63.797
0it [00:00, ?it/s][12,     1]  mpjpe loss: 101.810
200it [01:19,  2.53it/s][12,   201]  mpjpe loss: 92.444
400it [02:38,  2.51it/s][12,   401]  mpjpe loss: 97.213
600it [03:57,  2.52it/s][12,   601]  mpjpe loss: 105.698
704it [04:39,  2.52it/s]
[12]  mpjpe loss: 95.373
[12, all]  validation loss: 63.845
0it [00:00, ?it/s][13,     1]  mpjpe loss: 90.886
200it [01:18,  2.62it/s][13,   201]  mpjpe loss: 93.539
400it [02:38,  2.58it/s][13,   401]  mpjpe loss: 96.280
600it [03:56,  2.53it/s][13,   601]  mpjpe loss: 97.593
704it [04:37,  2.54it/s]
[13]  mpjpe loss: 95.063
[13, all]  validation loss: 64.124
0it [00:00, ?it/s][14,     1]  mpjpe loss: 95.061
200it [01:19,  2.54it/s][14,   201]  mpjpe loss: 96.185
400it [02:37,  2.61it/s][14,   401]  mpjpe loss: 90.763
600it [03:55,  2.54it/s][14,   601]  mpjpe loss: 94.655
704it [04:37,  2.54it/s]
[14]  mpjpe loss: 94.772
[14, all]  validation loss: 63.715
----saving model-----
0it [00:00, ?it/s][15,     1]  mpjpe loss: 93.876
200it [01:19,  2.51it/s][15,   201]  mpjpe loss: 94.920
400it [02:39,  2.53it/s][15,   401]  mpjpe loss: 98.632
600it [03:58,  2.50it/s][15,   601]  mpjpe loss: 96.330
704it [04:40,  2.51it/s]
[15]  mpjpe loss: 94.444
[15, all]  validation loss: 63.595
----saving model-----
0it [00:00, ?it/s][16,     1]  mpjpe loss: 90.113
200it [01:19,  2.55it/s][16,   201]  mpjpe loss: 91.421
400it [02:39,  2.51it/s][16,   401]  mpjpe loss: 94.261
600it [03:58,  2.50it/s][16,   601]  mpjpe loss: 89.192
704it [04:39,  2.52it/s]
[16]  mpjpe loss: 92.762
[16, all]  validation loss: 63.222
----saving model-----
0it [00:00, ?it/s][17,     1]  mpjpe loss: 93.694
200it [01:19,  2.60it/s][17,   201]  mpjpe loss: 91.325
400it [02:39,  2.56it/s][17,   401]  mpjpe loss: 88.908
600it [03:58,  2.51it/s][17,   601]  mpjpe loss: 93.029
704it [04:40,  2.51it/s]
[17]  mpjpe loss: 92.424
[17, all]  validation loss: 63.324
0it [00:00, ?it/s][18,     1]  mpjpe loss: 98.700
200it [01:19,  2.51it/s][18,   201]  mpjpe loss: 90.900
400it [02:38,  2.53it/s][18,   401]  mpjpe loss: 91.200
600it [03:58,  2.53it/s][18,   601]  mpjpe loss: 93.264
704it [04:39,  2.52it/s]
[18]  mpjpe loss: 92.277
[18, all]  validation loss: 62.895
----saving model-----
0it [00:00, ?it/s][19,     1]  mpjpe loss: 96.116
200it [01:19,  2.52it/s][19,   201]  mpjpe loss: 93.061
400it [02:37,  2.52it/s][19,   401]  mpjpe loss: 95.282
600it [03:57,  2.52it/s][19,   601]  mpjpe loss: 98.062
704it [04:38,  2.53it/s]
[19]  mpjpe loss: 92.185
[19, all]  validation loss: 63.100
0it [00:00, ?it/s][20,     1]  mpjpe loss: 94.584
200it [01:20,  2.50it/s][20,   201]  mpjpe loss: 91.822
400it [02:39,  2.50it/s][20,   401]  mpjpe loss: 93.336
600it [03:59,  2.41it/s][20,   601]  mpjpe loss: 94.133
704it [04:40,  2.51it/s]
[20]  mpjpe loss: 92.090
[20, all]  validation loss: 63.210
0it [00:00, ?it/s][21,     1]  mpjpe loss: 94.815
200it [01:20,  2.53it/s][21,   201]  mpjpe loss: 87.624
400it [02:39,  2.52it/s][21,   401]  mpjpe loss: 97.584
600it [03:58,  2.55it/s][21,   601]  mpjpe loss: 93.208
704it [04:39,  2.52it/s]
[21]  mpjpe loss: 92.014
[21, all]  validation loss: 62.999
0it [00:00, ?it/s][22,     1]  mpjpe loss: 87.929
200it [01:20,  2.53it/s][22,   201]  mpjpe loss: 89.942
400it [02:39,  2.51it/s][22,   401]  mpjpe loss: 95.394
600it [03:58,  2.54it/s][22,   601]  mpjpe loss: 95.361
704it [04:39,  2.52it/s]
[22]  mpjpe loss: 91.987
[22, all]  validation loss: 63.033
0it [00:00, ?it/s][23,     1]  mpjpe loss: 86.233
200it [01:19,  2.52it/s][23,   201]  mpjpe loss: 87.681
400it [02:39,  2.51it/s][23,   401]  mpjpe loss: 95.001
600it [03:57,  2.57it/s][23,   601]  mpjpe loss: 94.554
704it [04:39,  2.52it/s]
[23]  mpjpe loss: 91.921
[23, all]  validation loss: 63.486
0it [00:00, ?it/s][24,     1]  mpjpe loss: 87.431
200it [01:19,  2.54it/s][24,   201]  mpjpe loss: 93.967
400it [02:39,  2.48it/s][24,   401]  mpjpe loss: 89.605
600it [03:58,  2.52it/s][24,   601]  mpjpe loss: 90.523
704it [04:40,  2.51it/s]
[24]  mpjpe loss: 91.887
[24, all]  validation loss: 63.184
0it [00:00, ?it/s][25,     1]  mpjpe loss: 98.561
200it [01:19,  2.52it/s][25,   201]  mpjpe loss: 89.646
400it [02:38,  2.51it/s][25,   401]  mpjpe loss: 93.819
600it [03:57,  2.53it/s][25,   601]  mpjpe loss: 91.418
704it [04:38,  2.53it/s]
[25]  mpjpe loss: 91.791
[25, all]  validation loss: 63.095
0it [00:00, ?it/s][26,     1]  mpjpe loss: 86.704
200it [01:19,  2.52it/s][26,   201]  mpjpe loss: 100.347
400it [02:38,  2.49it/s][26,   401]  mpjpe loss: 93.280
600it [03:58,  2.52it/s][26,   601]  mpjpe loss: 86.696
704it [04:38,  2.52it/s]
[26]  mpjpe loss: 91.583
[26, all]  validation loss: 62.990
0it [00:00, ?it/s][27,     1]  mpjpe loss: 89.526
200it [01:19,  2.58it/s][27,   201]  mpjpe loss: 95.499
400it [02:37,  2.51it/s][27,   401]  mpjpe loss: 95.078
600it [03:57,  2.50it/s][27,   601]  mpjpe loss: 88.539
704it [04:38,  2.53it/s]
[27]  mpjpe loss: 91.529
[27, all]  validation loss: 62.916
0it [00:00, ?it/s][28,     1]  mpjpe loss: 91.317
200it [01:19,  2.53it/s][28,   201]  mpjpe loss: 91.446
400it [02:38,  2.53it/s][28,   401]  mpjpe loss: 95.952
600it [03:58,  2.53it/s][28,   601]  mpjpe loss: 89.282
704it [04:39,  2.52it/s]
[28]  mpjpe loss: 91.546
[28, all]  validation loss: 63.032
0it [00:00, ?it/s][29,     1]  mpjpe loss: 94.834
200it [01:19,  2.53it/s][29,   201]  mpjpe loss: 90.299
400it [02:39,  2.53it/s][29,   401]  mpjpe loss: 92.405
600it [03:58,  2.49it/s][29,   601]  mpjpe loss: 93.413
704it [04:40,  2.51it/s]
[29]  mpjpe loss: 91.537
[29, all]  validation loss: 63.127
0it [00:00, ?it/s][30,     1]  mpjpe loss: 89.733
200it [01:19,  2.51it/s][30,   201]  mpjpe loss: 91.611
400it [02:39,  2.51it/s][30,   401]  mpjpe loss: 89.468
600it [03:59,  2.53it/s][30,   601]  mpjpe loss: 87.963
704it [04:40,  2.51it/s]
[30]  mpjpe loss: 91.525
[30, all]  validation loss: 63.130
0it [00:00, ?it/s][31,     1]  mpjpe loss: 92.419
200it [01:19,  2.46it/s][31,   201]  mpjpe loss: 96.840
400it [02:38,  2.47it/s][31,   401]  mpjpe loss: 92.664
600it [03:58,  2.50it/s][31,   601]  mpjpe loss: 89.822
704it [04:39,  2.51it/s]
[31]  mpjpe loss: 91.509
[31, all]  validation loss: 63.038
0it [00:00, ?it/s][32,     1]  mpjpe loss: 91.001
200it [01:19,  2.51it/s][32,   201]  mpjpe loss: 88.429
400it [02:38,  2.51it/s][32,   401]  mpjpe loss: 92.020
600it [03:58,  2.53it/s][32,   601]  mpjpe loss: 90.609
704it [04:39,  2.52it/s]
[32]  mpjpe loss: 91.508
[32, all]  validation loss: 63.174
0it [00:00, ?it/s][33,     1]  mpjpe loss: 86.070
200it [01:19,  2.54it/s][33,   201]  mpjpe loss: 91.727
400it [02:38,  2.50it/s][33,   401]  mpjpe loss: 89.994
600it [03:58,  2.49it/s][33,   601]  mpjpe loss: 92.015
704it [04:39,  2.52it/s]
[33]  mpjpe loss: 91.500
[33, all]  validation loss: 63.009
0it [00:00, ?it/s][34,     1]  mpjpe loss: 89.407
200it [01:19,  2.53it/s][34,   201]  mpjpe loss: 88.925
400it [02:39,  2.50it/s][34,   401]  mpjpe loss: 90.482
600it [03:58,  2.52it/s][34,   601]  mpjpe loss: 87.539
704it [04:39,  2.52it/s]
[34]  mpjpe loss: 91.480
[34, all]  validation loss: 62.946
0it [00:00, ?it/s][35,     1]  mpjpe loss: 84.971
200it [01:19,  2.61it/s][35,   201]  mpjpe loss: 84.239
400it [02:36,  2.53it/s][35,   401]  mpjpe loss: 87.970
600it [03:55,  2.53it/s][35,   601]  mpjpe loss: 95.082
704it [04:36,  2.54it/s]
[35]  mpjpe loss: 91.459
[35, all]  validation loss: 63.017
0it [00:00, ?it/s][36,     1]  mpjpe loss: 92.736
200it [01:19,  2.63it/s][36,   201]  mpjpe loss: 91.156
400it [02:37,  2.53it/s][36,   401]  mpjpe loss: 91.087
600it [03:56,  2.53it/s][36,   601]  mpjpe loss: 89.540
704it [04:37,  2.54it/s]
[36]  mpjpe loss: 91.457
[36, all]  validation loss: 63.033
0it [00:00, ?it/s][37,     1]  mpjpe loss: 89.568
200it [01:19,  2.54it/s][37,   201]  mpjpe loss: 90.453
400it [02:37,  2.53it/s][37,   401]  mpjpe loss: 88.744
600it [03:56,  2.50it/s][37,   601]  mpjpe loss: 91.853
704it [04:37,  2.54it/s]
[37]  mpjpe loss: 91.455
[37, all]  validation loss: 63.105
0it [00:00, ?it/s][38,     1]  mpjpe loss: 82.151
200it [01:19,  2.47it/s][38,   201]  mpjpe loss: 90.356
400it [02:37,  2.62it/s][38,   401]  mpjpe loss: 88.369
600it [03:55,  2.53it/s][38,   601]  mpjpe loss: 86.674
704it [04:36,  2.55it/s]
[38]  mpjpe loss: 91.446
[38, all]  validation loss: 63.017
0it [00:00, ?it/s][39,     1]  mpjpe loss: 98.005
200it [01:18,  2.53it/s][39,   201]  mpjpe loss: 90.554
400it [02:37,  2.53it/s][39,   401]  mpjpe loss: 87.348
600it [03:54,  2.62it/s][39,   601]  mpjpe loss: 84.272
704it [04:34,  2.57it/s]
[39]  mpjpe loss: 91.456
[39, all]  validation loss: 63.040
0it [00:00, ?it/s][40,     1]  mpjpe loss: 91.526
200it [01:18,  2.53it/s][40,   201]  mpjpe loss: 92.498
400it [02:36,  2.53it/s][40,   401]  mpjpe loss: 91.026
600it [03:55,  2.62it/s][40,   601]  mpjpe loss: 93.453
704it [04:35,  2.56it/s]
[40]  mpjpe loss: 91.442
[40, all]  validation loss: 63.029
0it [00:00, ?it/s][41,     1]  mpjpe loss: 90.534
200it [01:18,  2.52it/s][41,   201]  mpjpe loss: 89.639
400it [02:37,  2.52it/s][41,   401]  mpjpe loss: 90.803
600it [03:56,  2.62it/s][41,   601]  mpjpe loss: 88.015
704it [04:37,  2.54it/s]
[41]  mpjpe loss: 91.426
[41, all]  validation loss: 63.167
0it [00:00, ?it/s][42,     1]  mpjpe loss: 90.485
200it [01:17,  2.52it/s][42,   201]  mpjpe loss: 89.810
400it [02:35,  2.54it/s][42,   401]  mpjpe loss: 91.352
600it [03:53,  2.51it/s][42,   601]  mpjpe loss: 91.853
704it [04:34,  2.56it/s]
[42]  mpjpe loss: 91.455
[42, all]  validation loss: 63.057
0it [00:00, ?it/s][43,     1]  mpjpe loss: 90.562
200it [01:18,  2.63it/s][43,   201]  mpjpe loss: 91.586
400it [02:36,  2.54it/s][43,   401]  mpjpe loss: 89.905
600it [03:55,  2.54it/s][43,   601]  mpjpe loss: 88.471
704it [04:36,  2.54it/s]
[43]  mpjpe loss: 91.472
[43, all]  validation loss: 62.978
0it [00:00, ?it/s][44,     1]  mpjpe loss: 91.219
200it [01:18,  2.54it/s][44,   201]  mpjpe loss: 92.571
400it [02:37,  2.52it/s][44,   401]  mpjpe loss: 86.485
600it [03:55,  2.58it/s][44,   601]  mpjpe loss: 96.262
704it [04:36,  2.54it/s]
[44]  mpjpe loss: 91.446
[44, all]  validation loss: 63.060
0it [00:00, ?it/s][45,     1]  mpjpe loss: 93.282
200it [01:19,  2.51it/s][45,   201]  mpjpe loss: 88.558
400it [02:38,  2.53it/s][45,   401]  mpjpe loss: 99.524
600it [03:56,  2.63it/s][45,   601]  mpjpe loss: 94.062
704it [04:37,  2.53it/s]
[45]  mpjpe loss: 91.434
[45, all]  validation loss: 63.123
0it [00:00, ?it/s][46,     1]  mpjpe loss: 96.068
200it [01:18,  2.62it/s][46,   201]  mpjpe loss: 93.330
400it [02:36,  2.52it/s][46,   401]  mpjpe loss: 88.866
600it [03:55,  2.53it/s][46,   601]  mpjpe loss: 89.094
704it [04:35,  2.55it/s]
[46]  mpjpe loss: 91.449
[46, all]  validation loss: 63.068
0it [00:00, ?it/s][47,     1]  mpjpe loss: 87.877
200it [01:18,  2.51it/s][47,   201]  mpjpe loss: 84.355
400it [02:37,  2.63it/s][47,   401]  mpjpe loss: 88.411
600it [03:55,  2.53it/s][47,   601]  mpjpe loss: 88.968
704it [04:35,  2.56it/s]
[47]  mpjpe loss: 91.443
[47, all]  validation loss: 63.005
0it [00:00, ?it/s][48,     1]  mpjpe loss: 92.752
200it [01:17,  2.60it/s][48,   201]  mpjpe loss: 90.631
400it [02:36,  2.52it/s][48,   401]  mpjpe loss: 89.728
600it [03:55,  2.52it/s][48,   601]  mpjpe loss: 86.306
704it [04:35,  2.55it/s]
[48]  mpjpe loss: 91.423
[48, all]  validation loss: 63.148
0it [00:00, ?it/s][49,     1]  mpjpe loss: 89.613
200it [01:18,  2.62it/s][49,   201]  mpjpe loss: 89.277
400it [02:35,  2.54it/s][49,   401]  mpjpe loss: 93.610
600it [03:54,  2.54it/s][49,   601]  mpjpe loss: 90.836
704it [04:35,  2.55it/s]
[49]  mpjpe loss: 91.428
[49, all]  validation loss: 63.105
0it [00:00, ?it/s][50,     1]  mpjpe loss: 91.490
200it [01:18,  2.53it/s][50,   201]  mpjpe loss: 86.864
400it [02:36,  2.54it/s][50,   401]  mpjpe loss: 88.663
600it [03:54,  2.54it/s][50,   601]  mpjpe loss: 95.182
704it [04:35,  2.56it/s]
[50]  mpjpe loss: 91.434
[50, all]  validation loss: 63.044